Determining if the pthread_create exist failed with the following output:
Change Dir: /home/kod/libssh-0.7.4/build/CMakeFiles/CMakeTmp

Run Build Command:"/usr/bin/make" "cmTC_ea165/fast"
/usr/bin/make -f CMakeFiles/cmTC_ea165.dir/build.make CMakeFiles/cmTC_ea165.dir/build
make[1]: Entering directory '/home/kod/libssh-0.7.4/build/CMakeFiles/CMakeTmp'
Building C object CMakeFiles/cmTC_ea165.dir/CheckSymbolExists.c.o
/usr/bin/cc    -std=gnu99 -pedantic -pedantic-errors -Wall -Wextra -Wshadow -Wmissing-prototypes -Wdeclaration-after-statement -Wunused -Wfloat-equal -Wpointer-arith -Wwrite-strings -Wformat-security -Wmissing-format-attribute -fPIC -fstack-protector -D_LARGEFILE64_SOURCE    -o CMakeFiles/cmTC_ea165.dir/CheckSymbolExists.c.o   -c /home/kod/libssh-0.7.4/build/CMakeFiles/CMakeTmp/CheckSymbolExists.c
/home/kod/libssh-0.7.4/build/CMakeFiles/CMakeTmp/CheckSymbolExists.c: In function ‘main’:
/home/kod/libssh-0.7.4/build/CMakeFiles/CMakeTmp/CheckSymbolExists.c:8:11: error: ISO C forbids conversion of function pointer to object pointer type [-Wpedantic]
   return ((int*)(&pthread_create))[argc];
           ^
CMakeFiles/cmTC_ea165.dir/build.make:65: recipe for target 'CMakeFiles/cmTC_ea165.dir/CheckSymbolExists.c.o' failed
make[1]: *** [CMakeFiles/cmTC_ea165.dir/CheckSymbolExists.c.o] Error 1
make[1]: Leaving directory '/home/kod/libssh-0.7.4/build/CMakeFiles/CMakeTmp'
Makefile:126: recipe for target 'cmTC_ea165/fast' failed
make: *** [cmTC_ea165/fast] Error 2

File /home/kod/libssh-0.7.4/build/CMakeFiles/CMakeTmp/CheckSymbolExists.c:
/* */
#include <pthread.h>

int main(int argc, char** argv)
{
  (void)argv;
#ifndef pthread_create
  return ((int*)(&pthread_create))[argc];
#else
  (void)argc;
  return 0;
#endif
}

Determining if the function pthread_create exists in the pthreads failed with the following output:
Change Dir: /home/kod/libssh-0.7.4/build/CMakeFiles/CMakeTmp

Run Build Command:"/usr/bin/make" "cmTC_a871e/fast"
/usr/bin/make -f CMakeFiles/cmTC_a871e.dir/build.make CMakeFiles/cmTC_a871e.dir/build
make[1]: Entering directory '/home/kod/libssh-0.7.4/build/CMakeFiles/CMakeTmp'
Building C object CMakeFiles/cmTC_a871e.dir/CheckFunctionExists.c.o
/usr/bin/cc    -std=gnu99 -pedantic -pedantic-errors -Wall -Wextra -Wshadow -Wmissing-prototypes -Wdeclaration-after-statement -Wunused -Wfloat-equal -Wpointer-arith -Wwrite-strings -Wformat-security -Wmissing-format-attribute -fPIC -fstack-protector -D_LARGEFILE64_SOURCE -DCHECK_FUNCTION_EXISTS=pthread_create   -o CMakeFiles/cmTC_a871e.dir/CheckFunctionExists.c.o   -c /usr/share/cmake-3.5/Modules/CheckFunctionExists.c
Linking C executable cmTC_a871e
/usr/bin/cmake -E cmake_link_script CMakeFiles/cmTC_a871e.dir/link.txt --verbose=1
/usr/bin/cc   -std=gnu99 -pedantic -pedantic-errors -Wall -Wextra -Wshadow -Wmissing-prototypes -Wdeclaration-after-statement -Wunused -Wfloat-equal -Wpointer-arith -Wwrite-strings -Wformat-security -Wmissing-format-attribute -fPIC -fstack-protector -D_LARGEFILE64_SOURCE -DCHECK_FUNCTION_EXISTS=pthread_create    CMakeFiles/cmTC_a871e.dir/CheckFunctionExists.c.o  -o cmTC_a871e -rdynamic -lpthreads 
/usr/bin/ld: cannot find -lpthreads
collect2: error: ld returned 1 exit status
CMakeFiles/cmTC_a871e.dir/build.make:97: recipe for target 'cmTC_a871e' failed
make[1]: *** [cmTC_a871e] Error 1
make[1]: Leaving directory '/home/kod/libssh-0.7.4/build/CMakeFiles/CMakeTmp'
Makefile:126: recipe for target 'cmTC_a871e/fast' failed
make: *** [cmTC_a871e/fast] Error 2


Determining if the include file util.h exists failed with the following output:
Change Dir: /home/kod/libssh-0.7.4/build/CMakeFiles/CMakeTmp

Run Build Command:"/usr/bin/make" "cmTC_60ede/fast"
/usr/bin/make -f CMakeFiles/cmTC_60ede.dir/build.make CMakeFiles/cmTC_60ede.dir/build
make[1]: Entering directory '/home/kod/libssh-0.7.4/build/CMakeFiles/CMakeTmp'
Building C object CMakeFiles/cmTC_60ede.dir/CheckIncludeFile.c.o
/usr/bin/cc    -std=gnu99 -pedantic -pedantic-errors -Wall -Wextra -Wshadow -Wmissing-prototypes -Wdeclaration-after-statement -Wunused -Wfloat-equal -Wpointer-arith -Wwrite-strings -Wformat-security -Wmissing-format-attribute -fPIC -fstack-protector -D_LARGEFILE64_SOURCE    -o CMakeFiles/cmTC_60ede.dir/CheckIncludeFile.c.o   -c /home/kod/libssh-0.7.4/build/CMakeFiles/CMakeTmp/CheckIncludeFile.c
/home/kod/libssh-0.7.4/build/CMakeFiles/CMakeTmp/CheckIncludeFile.c:1:18: fatal error: util.h: No such file or directory
 #include <util.h>
                  ^
compilation terminated.
CMakeFiles/cmTC_60ede.dir/build.make:65: recipe for target 'CMakeFiles/cmTC_60ede.dir/CheckIncludeFile.c.o' failed
make[1]: *** [CMakeFiles/cmTC_60ede.dir/CheckIncludeFile.c.o] Error 1
make[1]: Leaving directory '/home/kod/libssh-0.7.4/build/CMakeFiles/CMakeTmp'
Makefile:126: recipe for target 'cmTC_60ede/fast' failed
make: *** [cmTC_60ede/fast] Error 2


Determining if the include file libutil.h exists failed with the following output:
Change Dir: /home/kod/libssh-0.7.4/build/CMakeFiles/CMakeTmp

Run Build Command:"/usr/bin/make" "cmTC_d317e/fast"
/usr/bin/make -f CMakeFiles/cmTC_d317e.dir/build.make CMakeFiles/cmTC_d317e.dir/build
make[1]: Entering directory '/home/kod/libssh-0.7.4/build/CMakeFiles/CMakeTmp'
Building C object CMakeFiles/cmTC_d317e.dir/CheckIncludeFile.c.o
/usr/bin/cc    -std=gnu99 -pedantic -pedantic-errors -Wall -Wextra -Wshadow -Wmissing-prototypes -Wdeclaration-after-statement -Wunused -Wfloat-equal -Wpointer-arith -Wwrite-strings -Wformat-security -Wmissing-format-attribute -fPIC -fstack-protector -D_LARGEFILE64_SOURCE    -o CMakeFiles/cmTC_d317e.dir/CheckIncludeFile.c.o   -c /home/kod/libssh-0.7.4/build/CMakeFiles/CMakeTmp/CheckIncludeFile.c
/home/kod/libssh-0.7.4/build/CMakeFiles/CMakeTmp/CheckIncludeFile.c:1:21: fatal error: libutil.h: No such file or directory
 #include <libutil.h>
                     ^
compilation terminated.
CMakeFiles/cmTC_d317e.dir/build.make:65: recipe for target 'CMakeFiles/cmTC_d317e.dir/CheckIncludeFile.c.o' failed
make[1]: *** [CMakeFiles/cmTC_d317e.dir/CheckIncludeFile.c.o] Error 1
make[1]: Leaving directory '/home/kod/libssh-0.7.4/build/CMakeFiles/CMakeTmp'
Makefile:126: recipe for target 'cmTC_d317e/fast' failed
make: *** [cmTC_d317e/fast] Error 2


Determining if the ntohll exist failed with the following output:
Change Dir: /home/kod/libssh-0.7.4/build/CMakeFiles/CMakeTmp

Run Build Command:"/usr/bin/make" "cmTC_131f7/fast"
/usr/bin/make -f CMakeFiles/cmTC_131f7.dir/build.make CMakeFiles/cmTC_131f7.dir/build
make[1]: Entering directory '/home/kod/libssh-0.7.4/build/CMakeFiles/CMakeTmp'
Building C object CMakeFiles/cmTC_131f7.dir/CheckSymbolExists.c.o
/usr/bin/cc    -std=gnu99 -pedantic -pedantic-errors -Wall -Wextra -Wshadow -Wmissing-prototypes -Wdeclaration-after-statement -Wunused -Wfloat-equal -Wpointer-arith -Wwrite-strings -Wformat-security -Wmissing-format-attribute -fPIC -fstack-protector -D_LARGEFILE64_SOURCE    -o CMakeFiles/cmTC_131f7.dir/CheckSymbolExists.c.o   -c /home/kod/libssh-0.7.4/build/CMakeFiles/CMakeTmp/CheckSymbolExists.c
/home/kod/libssh-0.7.4/build/CMakeFiles/CMakeTmp/CheckSymbolExists.c: In function ‘main’:
/home/kod/libssh-0.7.4/build/CMakeFiles/CMakeTmp/CheckSymbolExists.c:8:19: error: ‘ntohll’ undeclared (first use in this function)
   return ((int*)(&ntohll))[argc];
                   ^~~~~~
/home/kod/libssh-0.7.4/build/CMakeFiles/CMakeTmp/CheckSymbolExists.c:8:19: note: each undeclared identifier is reported only once for each function it appears in
/home/kod/libssh-0.7.4/build/CMakeFiles/CMakeTmp/CheckSymbolExists.c:4:14: warning: parameter ‘argc’ set but not used [-Wunused-but-set-parameter]
 int main(int argc, char** argv)
              ^~~~
CMakeFiles/cmTC_131f7.dir/build.make:65: recipe for target 'CMakeFiles/cmTC_131f7.dir/CheckSymbolExists.c.o' failed
make[1]: *** [CMakeFiles/cmTC_131f7.dir/CheckSymbolExists.c.o] Error 1
make[1]: Leaving directory '/home/kod/libssh-0.7.4/build/CMakeFiles/CMakeTmp'
Makefile:126: recipe for target 'cmTC_131f7/fast' failed
make: *** [cmTC_131f7/fast] Error 2

File /home/kod/libssh-0.7.4/build/CMakeFiles/CMakeTmp/CheckSymbolExists.c:
/* */
#include <arpa/inet.h>

int main(int argc, char** argv)
{
  (void)argv;
#ifndef ntohll
  return ((int*)(&ntohll))[argc];
#else
  (void)argc;
  return 0;
#endif
}

Determining if the htonll exist failed with the following output:
Change Dir: /home/kod/libssh-0.7.4/build/CMakeFiles/CMakeTmp

Run Build Command:"/usr/bin/make" "cmTC_73df0/fast"
/usr/bin/make -f CMakeFiles/cmTC_73df0.dir/build.make CMakeFiles/cmTC_73df0.dir/build
make[1]: Entering directory '/home/kod/libssh-0.7.4/build/CMakeFiles/CMakeTmp'
Building C object CMakeFiles/cmTC_73df0.dir/CheckSymbolExists.c.o
/usr/bin/cc    -std=gnu99 -pedantic -pedantic-errors -Wall -Wextra -Wshadow -Wmissing-prototypes -Wdeclaration-after-statement -Wunused -Wfloat-equal -Wpointer-arith -Wwrite-strings -Wformat-security -Wmissing-format-attribute -fPIC -fstack-protector -D_LARGEFILE64_SOURCE    -o CMakeFiles/cmTC_73df0.dir/CheckSymbolExists.c.o   -c /home/kod/libssh-0.7.4/build/CMakeFiles/CMakeTmp/CheckSymbolExists.c
/home/kod/libssh-0.7.4/build/CMakeFiles/CMakeTmp/CheckSymbolExists.c: In function ‘main’:
/home/kod/libssh-0.7.4/build/CMakeFiles/CMakeTmp/CheckSymbolExists.c:8:19: error: ‘htonll’ undeclared (first use in this function)
   return ((int*)(&htonll))[argc];
                   ^~~~~~
/home/kod/libssh-0.7.4/build/CMakeFiles/CMakeTmp/CheckSymbolExists.c:8:19: note: each undeclared identifier is reported only once for each function it appears in
/home/kod/libssh-0.7.4/build/CMakeFiles/CMakeTmp/CheckSymbolExists.c:4:14: warning: parameter ‘argc’ set but not used [-Wunused-but-set-parameter]
 int main(int argc, char** argv)
              ^~~~
CMakeFiles/cmTC_73df0.dir/build.make:65: recipe for target 'CMakeFiles/cmTC_73df0.dir/CheckSymbolExists.c.o' failed
make[1]: *** [CMakeFiles/cmTC_73df0.dir/CheckSymbolExists.c.o] Error 1
make[1]: Leaving directory '/home/kod/libssh-0.7.4/build/CMakeFiles/CMakeTmp'
Makefile:126: recipe for target 'cmTC_73df0/fast' failed
make: *** [cmTC_73df0/fast] Error 2

File /home/kod/libssh-0.7.4/build/CMakeFiles/CMakeTmp/CheckSymbolExists.c:
/* */
#include <arpa/inet.h>

int main(int argc, char** argv)
{
  (void)argv;
#ifndef htonll
  return ((int*)(&htonll))[argc];
#else
  (void)argc;
  return 0;
#endif
}

Determining if the function __strtoull exists failed with the following output:
Change Dir: /home/kod/libssh-0.7.4/build/CMakeFiles/CMakeTmp

Run Build Command:"/usr/bin/make" "cmTC_adc8b/fast"
/usr/bin/make -f CMakeFiles/cmTC_adc8b.dir/build.make CMakeFiles/cmTC_adc8b.dir/build
make[1]: Entering directory '/home/kod/libssh-0.7.4/build/CMakeFiles/CMakeTmp'
Building C object CMakeFiles/cmTC_adc8b.dir/CheckFunctionExists.c.o
/usr/bin/cc    -std=gnu99 -pedantic -pedantic-errors -Wall -Wextra -Wshadow -Wmissing-prototypes -Wdeclaration-after-statement -Wunused -Wfloat-equal -Wpointer-arith -Wwrite-strings -Wformat-security -Wmissing-format-attribute -fPIC -fstack-protector -D_LARGEFILE64_SOURCE -DCHECK_FUNCTION_EXISTS=__strtoull   -o CMakeFiles/cmTC_adc8b.dir/CheckFunctionExists.c.o   -c /usr/share/cmake-3.5/Modules/CheckFunctionExists.c
Linking C executable cmTC_adc8b
/usr/bin/cmake -E cmake_link_script CMakeFiles/cmTC_adc8b.dir/link.txt --verbose=1
/usr/bin/cc   -std=gnu99 -pedantic -pedantic-errors -Wall -Wextra -Wshadow -Wmissing-prototypes -Wdeclaration-after-statement -Wunused -Wfloat-equal -Wpointer-arith -Wwrite-strings -Wformat-security -Wmissing-format-attribute -fPIC -fstack-protector -D_LARGEFILE64_SOURCE -DCHECK_FUNCTION_EXISTS=__strtoull    CMakeFiles/cmTC_adc8b.dir/CheckFunctionExists.c.o  -o cmTC_adc8b -rdynamic -lrt 
CMakeFiles/cmTC_adc8b.dir/CheckFunctionExists.c.o: In function `main':
CheckFunctionExists.c:(.text+0x15): undefined reference to `__strtoull'
collect2: error: ld returned 1 exit status
CMakeFiles/cmTC_adc8b.dir/build.make:97: recipe for target 'cmTC_adc8b' failed
make[1]: *** [cmTC_adc8b] Error 1
make[1]: Leaving directory '/home/kod/libssh-0.7.4/build/CMakeFiles/CMakeTmp'
Makefile:126: recipe for target 'cmTC_adc8b/fast' failed
make: *** [cmTC_adc8b/fast] Error 2


Performing C SOURCE FILE Test HAVE_MSC_THREAD_LOCAL_STORAGE failed with the following output:
Change Dir: /home/kod/libssh-0.7.4/build/CMakeFiles/CMakeTmp

Run Build Command:"/usr/bin/make" "cmTC_95b7d/fast"
/usr/bin/make -f CMakeFiles/cmTC_95b7d.dir/build.make CMakeFiles/cmTC_95b7d.dir/build
make[1]: Entering directory '/home/kod/libssh-0.7.4/build/CMakeFiles/CMakeTmp'
Building C object CMakeFiles/cmTC_95b7d.dir/src.c.o
/usr/bin/cc    -std=gnu99 -pedantic -pedantic-errors -Wall -Wextra -Wshadow -Wmissing-prototypes -Wdeclaration-after-statement -Wunused -Wfloat-equal -Wpointer-arith -Wwrite-strings -Wformat-security -Wmissing-format-attribute -fPIC -fstack-protector -D_LARGEFILE64_SOURCE -DHAVE_MSC_THREAD_LOCAL_STORAGE   -o CMakeFiles/cmTC_95b7d.dir/src.c.o   -c /home/kod/libssh-0.7.4/build/CMakeFiles/CMakeTmp/src.c
/home/kod/libssh-0.7.4/build/CMakeFiles/CMakeTmp/src.c:2:1: error: return type defaults to ‘int’ [-Wimplicit-int]
 __declspec(thread) int tls;
 ^~~~~~~~~~
/home/kod/libssh-0.7.4/build/CMakeFiles/CMakeTmp/src.c:2:1: warning: no previous prototype for ‘__declspec’ [-Wmissing-prototypes]
/home/kod/libssh-0.7.4/build/CMakeFiles/CMakeTmp/src.c: In function ‘__declspec’:
/home/kod/libssh-0.7.4/build/CMakeFiles/CMakeTmp/src.c:4:16: error: expected ‘=’, ‘,’, ‘;’, ‘asm’ or ‘__attribute__’ before ‘{’ token
 int main(void) {
                ^
/home/kod/libssh-0.7.4/build/CMakeFiles/CMakeTmp/src.c:2:1: error: type of ‘thread’ defaults to ‘int’ [-Wimplicit-int]
 __declspec(thread) int tls;
 ^~~~~~~~~~
/home/kod/libssh-0.7.4/build/CMakeFiles/CMakeTmp/src.c:2:24: error: declaration for parameter ‘tls’ but no such parameter
 __declspec(thread) int tls;
                        ^~~
/home/kod/libssh-0.7.4/build/CMakeFiles/CMakeTmp/src.c:6:1: error: expected ‘{’ at end of input
 }
 ^
/home/kod/libssh-0.7.4/build/CMakeFiles/CMakeTmp/src.c:2:1: warning: unused parameter ‘thread’ [-Wunused-parameter]
 __declspec(thread) int tls;
 ^~~~~~~~~~
/home/kod/libssh-0.7.4/build/CMakeFiles/CMakeTmp/src.c:2:24: warning: unused parameter ‘tls’ [-Wunused-parameter]
 __declspec(thread) int tls;
                        ^~~
/home/kod/libssh-0.7.4/build/CMakeFiles/CMakeTmp/src.c:6:1: warning: control reaches end of non-void function [-Wreturn-type]
 }
 ^
CMakeFiles/cmTC_95b7d.dir/build.make:65: recipe for target 'CMakeFiles/cmTC_95b7d.dir/src.c.o' failed
make[1]: *** [CMakeFiles/cmTC_95b7d.dir/src.c.o] Error 1
make[1]: Leaving directory '/home/kod/libssh-0.7.4/build/CMakeFiles/CMakeTmp'
Makefile:126: recipe for target 'cmTC_95b7d/fast' failed
make: *** [cmTC_95b7d/fast] Error 2

Source file was:

__declspec(thread) int tls;

int main(void) {
    return 0;
}
Performing C SOURCE FILE Test HAVE_COMPILER__FUNCTION__ failed with the following output:
Change Dir: /home/kod/libssh-0.7.4/build/CMakeFiles/CMakeTmp

Run Build Command:"/usr/bin/make" "cmTC_79195/fast"
/usr/bin/make -f CMakeFiles/cmTC_79195.dir/build.make CMakeFiles/cmTC_79195.dir/build
make[1]: Entering directory '/home/kod/libssh-0.7.4/build/CMakeFiles/CMakeTmp'
Building C object CMakeFiles/cmTC_79195.dir/src.c.o
/usr/bin/cc    -std=gnu99 -pedantic -pedantic-errors -Wall -Wextra -Wshadow -Wmissing-prototypes -Wdeclaration-after-statement -Wunused -Wfloat-equal -Wpointer-arith -Wwrite-strings -Wformat-security -Wmissing-format-attribute -fPIC -fstack-protector -D_LARGEFILE64_SOURCE -DHAVE_COMPILER__FUNCTION__   -o CMakeFiles/cmTC_79195.dir/src.c.o   -c /home/kod/libssh-0.7.4/build/CMakeFiles/CMakeTmp/src.c
/home/kod/libssh-0.7.4/build/CMakeFiles/CMakeTmp/src.c: In function ‘main’:
/home/kod/libssh-0.7.4/build/CMakeFiles/CMakeTmp/src.c:4:18: error: ISO C does not support ‘__FUNCTION__’ predefined identifier [-Wpedantic]
     printf("%s", __FUNCTION__);
                  ^~~~~~~~~~~~
CMakeFiles/cmTC_79195.dir/build.make:65: recipe for target 'CMakeFiles/cmTC_79195.dir/src.c.o' failed
make[1]: *** [CMakeFiles/cmTC_79195.dir/src.c.o] Error 1
make[1]: Leaving directory '/home/kod/libssh-0.7.4/build/CMakeFiles/CMakeTmp'
Makefile:126: recipe for target 'cmTC_79195/fast' failed
make: *** [cmTC_79195/fast] Error 2

Source file was:

#include <stdio.h>
int main(void) {
    printf("%s", __FUNCTION__);
    return 0;
}
Determining if the system is big endian passed with the following output:
Change Dir: /home/kod/libssh-0.7.4/build/CMakeFiles/CMakeTmp

Run Build Command:"/usr/bin/make" "cmTC_6b103/fast"
/usr/bin/make -f CMakeFiles/cmTC_6b103.dir/build.make CMakeFiles/cmTC_6b103.dir/build
make[1]: Entering directory '/home/kod/libssh-0.7.4/build/CMakeFiles/CMakeTmp'
Building C object CMakeFiles/cmTC_6b103.dir/TestEndianess.c.o
/usr/bin/cc    -std=gnu99 -pedantic -pedantic-errors -Wall -Wextra -Wshadow -Wmissing-prototypes -Wdeclaration-after-statement -Wunused -Wfloat-equal -Wpointer-arith -Wwrite-strings -Wformat-security -Wmissing-format-attribute -fPIC -fstack-protector -D_LARGEFILE64_SOURCE    -o CMakeFiles/cmTC_6b103.dir/TestEndianess.c.o   -c /home/kod/libssh-0.7.4/build/CMakeFiles/CMakeTmp/TestEndianess.c
Linking C executable cmTC_6b103
/usr/bin/cmake -E cmake_link_script CMakeFiles/cmTC_6b103.dir/link.txt --verbose=1
/usr/bin/cc   -std=gnu99 -pedantic -pedantic-errors -Wall -Wextra -Wshadow -Wmissing-prototypes -Wdeclaration-after-statement -Wunused -Wfloat-equal -Wpointer-arith -Wwrite-strings -Wformat-security -Wmissing-format-attribute -fPIC -fstack-protector -D_LARGEFILE64_SOURCE     CMakeFiles/cmTC_6b103.dir/TestEndianess.c.o  -o cmTC_6b103 -rdynamic 
make[1]: Leaving directory '/home/kod/libssh-0.7.4/build/CMakeFiles/CMakeTmp'

TestEndianess.c:
/* A 16 bit integer is required. */
typedef unsigned short cmakeint16;

/* On a little endian machine, these 16bit ints will give "THIS IS LITTLE ENDIAN."
   On a big endian machine the characters will be exchanged pairwise. */
const cmakeint16 info_little[] =  {0x4854, 0x5349, 0x4920, 0x2053, 0x494c, 0x5454, 0x454c, 0x4520, 0x444e, 0x4149, 0x2e4e, 0x0000};

/* on a big endian machine, these 16bit ints will give "THIS IS BIG ENDIAN."
   On a little endian machine the characters will be exchanged pairwise. */
const cmakeint16 info_big[] =     {0x5448, 0x4953, 0x2049, 0x5320, 0x4249, 0x4720, 0x454e, 0x4449, 0x414e, 0x2e2e, 0x0000};

#ifdef __CLASSIC_C__
int main(argc, argv) int argc; char *argv[];
#else
int main(int argc, char *argv[])
#endif
{
  int require = 0;
  require += info_little[argc];
  require += info_big[argc];
  (void)argv;
  return require;
}


